[debug] [2020-10-28T20:25:49.180Z] ----------------------------------------------------------------------
[debug] [2020-10-28T20:25:49.181Z] Command:       C:\Program Files\nodejs\node.exe C:\Users\Armando\AppData\Roaming\npm\node_modules\firebase-tools\lib\bin\firebase.js deploy --only functions
[debug] [2020-10-28T20:25:49.182Z] CLI Version:   8.12.1
[debug] [2020-10-28T20:25:49.182Z] Platform:      win32
[debug] [2020-10-28T20:25:49.182Z] Node Version:  v14.14.0
[debug] [2020-10-28T20:25:49.182Z] Time:          Wed Oct 28 2020 14:25:49 GMT-0600 (hora estándar central)
[debug] [2020-10-28T20:25:49.183Z] ----------------------------------------------------------------------
[debug] [2020-10-28T20:25:49.183Z] 
[debug] [2020-10-28T20:25:49.188Z] > command requires scopes: ["email","openid","https://www.googleapis.com/auth/cloudplatformprojects.readonly","https://www.googleapis.com/auth/firebase","https://www.googleapis.com/auth/cloud-platform"]
[debug] [2020-10-28T20:25:49.188Z] > authorizing via signed-in user
[debug] [2020-10-28T20:25:49.188Z] [iam] checking project santacruz-a164a for permissions ["cloudfunctions.functions.create","cloudfunctions.functions.delete","cloudfunctions.functions.get","cloudfunctions.functions.list","cloudfunctions.functions.update","cloudfunctions.operations.get","firebase.projects.get"]
[debug] [2020-10-28T20:25:49.190Z] > refreshing access token with scopes: ["email","https://www.googleapis.com/auth/cloud-platform","https://www.googleapis.com/auth/cloudplatformprojects.readonly","https://www.googleapis.com/auth/firebase","openid"]
[debug] [2020-10-28T20:25:49.190Z] >>> HTTP REQUEST POST https://www.googleapis.com/oauth2/v3/token  
 <request body omitted>
[debug] [2020-10-28T20:25:49.501Z] <<< HTTP RESPONSE 200 {"cache-control":"no-cache, no-store, max-age=0, must-revalidate","pragma":"no-cache","date":"Wed, 28 Oct 2020 20:25:49 GMT","expires":"Mon, 01 Jan 1990 00:00:00 GMT","content-type":"application/json; charset=utf-8","vary":"X-Origin, Referer, Origin,Accept-Encoding","server":"scaffolding on HTTPServer2","x-xss-protection":"0","x-frame-options":"SAMEORIGIN","x-content-type-options":"nosniff","alt-svc":"h3-Q050=\":443\"; ma=2592000,h3-29=\":443\"; ma=2592000,h3-T051=\":443\"; ma=2592000,h3-T050=\":443\"; ma=2592000,h3-Q046=\":443\"; ma=2592000,h3-Q043=\":443\"; ma=2592000,quic=\":443\"; ma=2592000; v=\"46,43\"","accept-ranges":"none","transfer-encoding":"chunked"}
[debug] [2020-10-28T20:25:49.508Z] >>> HTTP REQUEST POST https://cloudresourcemanager.googleapis.com/v1/projects/santacruz-a164a:testIamPermissions  
 {"permissions":["cloudfunctions.functions.create","cloudfunctions.functions.delete","cloudfunctions.functions.get","cloudfunctions.functions.list","cloudfunctions.functions.update","cloudfunctions.operations.get","firebase.projects.get"]}
[debug] [2020-10-28T20:25:50.062Z] <<< HTTP RESPONSE 200 {"content-type":"application/json; charset=UTF-8","vary":"X-Origin, Referer, Origin,Accept-Encoding","date":"Wed, 28 Oct 2020 20:25:50 GMT","server":"ESF","cache-control":"private","x-xss-protection":"0","x-frame-options":"SAMEORIGIN","x-content-type-options":"nosniff","server-timing":"gfet4t7; dur=236","alt-svc":"h3-Q050=\":443\"; ma=2592000,h3-29=\":443\"; ma=2592000,h3-T051=\":443\"; ma=2592000,h3-T050=\":443\"; ma=2592000,h3-Q046=\":443\"; ma=2592000,h3-Q043=\":443\"; ma=2592000,quic=\":443\"; ma=2592000; v=\"46,43\"","accept-ranges":"none","transfer-encoding":"chunked"}
[debug] [2020-10-28T20:25:50.065Z] >>> HTTP REQUEST POST https://iam.googleapis.com/v1/projects/santacruz-a164a/serviceAccounts/santacruz-a164a@appspot.gserviceaccount.com:testIamPermissions  
 {"permissions":["iam.serviceAccounts.actAs"]}
[debug] [2020-10-28T20:25:50.480Z] <<< HTTP RESPONSE 200 {"content-type":"application/json; charset=UTF-8","vary":"X-Origin, Referer, Origin,Accept-Encoding","date":"Wed, 28 Oct 2020 20:25:50 GMT","server":"ESF","cache-control":"private","x-xss-protection":"0","x-frame-options":"SAMEORIGIN","x-content-type-options":"nosniff","alt-svc":"h3-Q050=\":443\"; ma=2592000,h3-29=\":443\"; ma=2592000,h3-T051=\":443\"; ma=2592000,h3-T050=\":443\"; ma=2592000,h3-Q046=\":443\"; ma=2592000,h3-Q043=\":443\"; ma=2592000,quic=\":443\"; ma=2592000; v=\"46,43\"","accept-ranges":"none","transfer-encoding":"chunked"}
[info] 
[info] === Deploying to 'santacruz-a164a'...
[info] 
[info] i  deploying functions 
[debug] [2020-10-28T20:25:55.975Z] > [functions] package.json contents: {
  "name": "api-witideal",
  "version": "0.0.1",
  "description": "api for witideal",
  "scripts": {
    "watch": "set NODE_ENV=development&& webpack",
    "server": "nodemon ./build/index.js",
    "build": "set NODE_ENV=production&& webpack",
    "serve": "firebase emulators:start --only functions",
    "shell": "firebase functions:shell",
    "start": "npm run shell",
    "deploy": "firebase deploy --only functions",
    "logs": "firebase functions:log"
  },
  "engines": {
    "node": "10"
  },
  "main": "index.js",
  "author": "armandojes",
  "license": "ISC",
  "dependencies": {
    "firebase-functions": "^3.6.1",
    "@firebase/app": "^0.6.11",
    "cors": "^2.8.5",
    "express": "^4.17.1",
    "express-bearer-token": "^2.4.0",
    "firebase": "^7.24.0",
    "firebase-admin": "^9.2.0",
    "isomorphic-fetch": "^3.0.0",
    "jsonwebtoken": "^8.5.1",
    "node-fetch": "^2.6.1",
    "openpay": "^1.0.5",
    "regenerator-runtime": "^0.13.7"
  },
  "devDependencies": {
    "firebase-functions-test": "^0.2.0",
    "@babel/core": "^7.11.6",
    "@babel/preset-env": "^7.11.5",
    "babel-core": "^6.26.3",
    "babel-eslint": "^10.1.0",
    "babel-loader": "^8.1.0",
    "eslint": "^7.11.0",
    "eslint-config-standard": "^14.1.1",
    "eslint-plugin-import": "^2.22.1",
    "eslint-plugin-node": "^11.1.0",
    "eslint-plugin-promise": "^4.2.1",
    "eslint-plugin-standard": "^4.0.1",
    "nodemon": "^2.0.5",
    "vercel": "^20.1.2",
    "webpack": "^4.41.5",
    "webpack-cli": "^3.3.10",
    "webpack-node-externals": "^2.5.2"
  },
  "private": true
}
[info] i  functions: ensuring required API cloudfunctions.googleapis.com is enabled... 
[info] i  functions: ensuring required API cloudbuild.googleapis.com is enabled... 
[debug] [2020-10-28T20:25:59.162Z] >>> HTTP REQUEST GET https://serviceusage.googleapis.com/v1/projects/santacruz-a164a/services/cloudfunctions.googleapis.com  
 
[debug] [2020-10-28T20:25:59.162Z] >>> HTTP REQUEST GET https://serviceusage.googleapis.com/v1/projects/santacruz-a164a/services/runtimeconfig.googleapis.com  
 
[debug] [2020-10-28T20:25:59.162Z] >>> HTTP REQUEST GET https://serviceusage.googleapis.com/v1/projects/santacruz-a164a/services/cloudbuild.googleapis.com  
 
[debug] [2020-10-28T20:25:59.629Z] <<< HTTP RESPONSE 200 {"content-type":"application/json; charset=UTF-8","vary":"X-Origin, Referer, Origin,Accept-Encoding","date":"Wed, 28 Oct 2020 20:25:59 GMT","server":"ESF","cache-control":"private","x-xss-protection":"0","x-frame-options":"SAMEORIGIN","x-content-type-options":"nosniff","alt-svc":"h3-Q050=\":443\"; ma=2592000,h3-29=\":443\"; ma=2592000,h3-T051=\":443\"; ma=2592000,h3-T050=\":443\"; ma=2592000,h3-Q046=\":443\"; ma=2592000,h3-Q043=\":443\"; ma=2592000,quic=\":443\"; ma=2592000; v=\"46,43\"","accept-ranges":"none","transfer-encoding":"chunked"}
[debug] [2020-10-28T20:25:59.699Z] <<< HTTP RESPONSE 200 {"content-type":"application/json; charset=UTF-8","vary":"X-Origin, Referer, Origin,Accept-Encoding","date":"Wed, 28 Oct 2020 20:25:59 GMT","server":"ESF","cache-control":"private","x-xss-protection":"0","x-frame-options":"SAMEORIGIN","x-content-type-options":"nosniff","alt-svc":"h3-Q050=\":443\"; ma=2592000,h3-29=\":443\"; ma=2592000,h3-T051=\":443\"; ma=2592000,h3-T050=\":443\"; ma=2592000,h3-Q046=\":443\"; ma=2592000,h3-Q043=\":443\"; ma=2592000,quic=\":443\"; ma=2592000; v=\"46,43\"","accept-ranges":"none","transfer-encoding":"chunked"}
[info] +  functions: required API cloudbuild.googleapis.com is enabled 
[debug] [2020-10-28T20:25:59.768Z] <<< HTTP RESPONSE 200 {"content-type":"application/json; charset=UTF-8","vary":"X-Origin, Referer, Origin,Accept-Encoding","date":"Wed, 28 Oct 2020 20:25:59 GMT","server":"ESF","cache-control":"private","x-xss-protection":"0","x-frame-options":"SAMEORIGIN","x-content-type-options":"nosniff","alt-svc":"h3-Q050=\":443\"; ma=2592000,h3-29=\":443\"; ma=2592000,h3-T051=\":443\"; ma=2592000,h3-T050=\":443\"; ma=2592000,h3-Q046=\":443\"; ma=2592000,h3-Q043=\":443\"; ma=2592000,quic=\":443\"; ma=2592000; v=\"46,43\"","accept-ranges":"none","transfer-encoding":"chunked"}
[info] +  functions: required API cloudfunctions.googleapis.com is enabled 
[debug] [2020-10-28T20:25:59.769Z] >>> HTTP REQUEST GET https://firebase.googleapis.com/v1beta1/projects/santacruz-a164a/adminSdkConfig  
 
[debug] [2020-10-28T20:26:00.176Z] <<< HTTP RESPONSE 200 {"content-type":"application/json; charset=UTF-8","vary":"X-Origin, Referer, Origin,Accept-Encoding","date":"Wed, 28 Oct 2020 20:26:00 GMT","server":"ESF","cache-control":"private","x-xss-protection":"0","x-frame-options":"SAMEORIGIN","x-content-type-options":"nosniff","alt-svc":"h3-Q050=\":443\"; ma=2592000,h3-29=\":443\"; ma=2592000,h3-T051=\":443\"; ma=2592000,h3-T050=\":443\"; ma=2592000,h3-Q046=\":443\"; ma=2592000,h3-Q043=\":443\"; ma=2592000,quic=\":443\"; ma=2592000; v=\"46,43\"","accept-ranges":"none","transfer-encoding":"chunked"}
[info] i  functions: preparing functions directory for uploading... 
[debug] [2020-10-28T20:26:00.180Z] >>> HTTP REQUEST GET https://runtimeconfig.googleapis.com/v1beta1/projects/santacruz-a164a/configs  
 
[debug] [2020-10-28T20:26:00.775Z] <<< HTTP RESPONSE 200 {"content-type":"application/json; charset=UTF-8","vary":"X-Origin, Referer, Origin,Accept-Encoding","date":"Wed, 28 Oct 2020 20:26:00 GMT","server":"ESF","cache-control":"private","x-xss-protection":"0","x-frame-options":"SAMEORIGIN","x-content-type-options":"nosniff","alt-svc":"h3-Q050=\":443\"; ma=2592000,h3-29=\":443\"; ma=2592000,h3-T051=\":443\"; ma=2592000,h3-T050=\":443\"; ma=2592000,h3-Q046=\":443\"; ma=2592000,h3-Q043=\":443\"; ma=2592000,quic=\":443\"; ma=2592000; v=\"46,43\"","accept-ranges":"none","transfer-encoding":"chunked"}
[info] i  functions: packaged functions (143.36 KB) for uploading 
[debug] [2020-10-28T20:26:01.345Z] >>> HTTP REQUEST GET https://cloudfunctions.googleapis.com/v1/projects/santacruz-a164a/locations/-/functions  
 
[debug] [2020-10-28T20:26:02.140Z] <<< HTTP RESPONSE 200 {"content-type":"application/json; charset=UTF-8","vary":"X-Origin, Referer, Origin,Accept-Encoding","date":"Wed, 28 Oct 2020 20:26:02 GMT","server":"ESF","cache-control":"private","x-xss-protection":"0","x-frame-options":"SAMEORIGIN","x-content-type-options":"nosniff","alt-svc":"h3-Q050=\":443\"; ma=2592000,h3-29=\":443\"; ma=2592000,h3-T051=\":443\"; ma=2592000,h3-T050=\":443\"; ma=2592000,h3-Q046=\":443\"; ma=2592000,h3-Q043=\":443\"; ma=2592000,quic=\":443\"; ma=2592000; v=\"46,43\"","accept-ranges":"none","transfer-encoding":"chunked"}
[debug] [2020-10-28T20:26:02.142Z] [functions] found 1 new HTTP functions, testing setIamPolicy permission...
[debug] [2020-10-28T20:26:02.143Z] >>> HTTP REQUEST POST https://cloudresourcemanager.googleapis.com/v1/projects/santacruz-a164a:testIamPermissions  
 {"permissions":["cloudfunctions.functions.setIamPolicy"]}
[debug] [2020-10-28T20:26:02.469Z] <<< HTTP RESPONSE 200 {"content-type":"application/json; charset=UTF-8","vary":"X-Origin, Referer, Origin,Accept-Encoding","date":"Wed, 28 Oct 2020 20:26:02 GMT","server":"ESF","cache-control":"private","x-xss-protection":"0","x-frame-options":"SAMEORIGIN","x-content-type-options":"nosniff","server-timing":"gfet4t7; dur=91","alt-svc":"h3-Q050=\":443\"; ma=2592000,h3-29=\":443\"; ma=2592000,h3-T051=\":443\"; ma=2592000,h3-T050=\":443\"; ma=2592000,h3-Q046=\":443\"; ma=2592000,h3-Q043=\":443\"; ma=2592000,quic=\":443\"; ma=2592000; v=\"46,43\"","accept-ranges":"none","transfer-encoding":"chunked"}
[debug] [2020-10-28T20:26:02.470Z] [functions] found setIamPolicy permission, proceeding with deploy
[debug] [2020-10-28T20:26:02.472Z] >>> HTTP REQUEST POST https://cloudfunctions.googleapis.com/v1/projects/santacruz-a164a/locations/us-central1/functions:generateUploadUrl  
 
[debug] [2020-10-28T20:26:03.504Z] <<< HTTP RESPONSE 200 {"content-type":"application/json; charset=UTF-8","vary":"X-Origin, Referer, Origin,Accept-Encoding","date":"Wed, 28 Oct 2020 20:26:03 GMT","server":"ESF","cache-control":"private","x-xss-protection":"0","x-frame-options":"SAMEORIGIN","x-content-type-options":"nosniff","alt-svc":"h3-Q050=\":443\"; ma=2592000,h3-29=\":443\"; ma=2592000,h3-T051=\":443\"; ma=2592000,h3-T050=\":443\"; ma=2592000,h3-Q046=\":443\"; ma=2592000,h3-Q043=\":443\"; ma=2592000,quic=\":443\"; ma=2592000; v=\"46,43\"","accept-ranges":"none","transfer-encoding":"chunked"}
[debug] [2020-10-28T20:26:03.506Z] >>> HTTP REQUEST PUT https://storage.googleapis.com/gcf-upload-us-central1-451f9f8c-9936-498a-8422-10c389c932a8/592bd97d-5da3-4e08-a612-47bf7e8a2231.zip?GoogleAccessId=service-941983235685@gcf-admin-robot.iam.gserviceaccount.com&Expires=1603918563&Signature=NNGNIfva56Rce0sjsHdbCJCZ4mB1Zbzo9RkJinyMomvgmpvQd0TLU%2Bp6hqW6AFhGZk%2FJU8tVVzx06z5ZL6%2BcuS15bMIgTzfDfAXKZP0nugiB5HNCLJa4tzGGWSQlc62hI%2BqWdq8ZzGRh%2BAs2xnNW3IN6HGcjXjU7hfxFwq6KJF3eVNKGAlT91IioimKfSj7F3PkMjg4PWeF5bcYUmppWyGHxkHxZSYpUdmtUEx8Z%2F6X1p5t14jrx5uPF5Y4Anv0F1MeS25zTEEOXpw2w3NPptQ4zp62Gta3pgmtHwbXglCmNDC3k5c7p4WrPg9C8OsdJQMnElPWJTFybRlcgzyoQ%2BQ%3D%3D  
 <request body omitted>
[debug] [2020-10-28T20:26:06.231Z] <<< HTTP RESPONSE 200 {"x-guploader-uploadid":"ABg5-Ux73ZAm1pcmbvONvOz6Ddwzeo2a7FKBMmM-oSrjfuv0KPUr529O7yyQy-WoclsnWPr3nsdcantFG3iypjRvI4VyNbME_Q","etag":"\"dc9a7b2614d1e76154ffd71b9451e918\"","x-goog-generation":"1603916766313193","x-goog-metageneration":"1","x-goog-hash":"crc32c=Bkosfw==, md5=3Jp7JhTR52FU/9cblFHpGA==","x-goog-stored-content-length":"146801","x-goog-stored-content-encoding":"identity","vary":"Origin","content-length":"0","date":"Wed, 28 Oct 2020 20:26:06 GMT","server":"UploadServer","content-type":"text/html; charset=UTF-8","alt-svc":"h3-Q050=\":443\"; ma=2592000,h3-29=\":443\"; ma=2592000,h3-T051=\":443\"; ma=2592000,h3-T050=\":443\"; ma=2592000,h3-Q046=\":443\"; ma=2592000,h3-Q043=\":443\"; ma=2592000,quic=\":443\"; ma=2592000; v=\"46,43\""}
[info] +  functions: functions folder uploaded successfully 
[info] i  functions: creating Node.js 10 function main(us-central1)... 
[debug] [2020-10-28T20:26:06.239Z] Trigger is:  {"httpsTrigger":{}}
[info] 
The following functions are found in your project but do not exist in your local source code:
	charges(us-central1)
	openpayWebhook(us-central1)
	paypalWebhook(us-central1)
	resizeImage(us-central1)

If you are renaming a function or changing its region, it is recommended that you create the new function first before deleting the old one to prevent event loss. For more info, visit https://firebase.google.com/docs/functions/manage-functions#modify

[info] i  functions: continuing with other deployments. 
[debug] [2020-10-28T20:26:29.651Z] >>> HTTP REQUEST POST https://cloudfunctions.googleapis.com/v1/projects/santacruz-a164a/locations/us-central1/functions  
 {"sourceUploadUrl":"https://storage.googleapis.com/gcf-upload-us-central1-451f9f8c-9936-498a-8422-10c389c932a8/592bd97d-5da3-4e08-a612-47bf7e8a2231.zip?GoogleAccessId=service-941983235685@gcf-admin-robot.iam.gserviceaccount.com&Expires=1603918563&Signature=NNGNIfva56Rce0sjsHdbCJCZ4mB1Zbzo9RkJinyMomvgmpvQd0TLU%2Bp6hqW6AFhGZk%2FJU8tVVzx06z5ZL6%2BcuS15bMIgTzfDfAXKZP0nugiB5HNCLJa4tzGGWSQlc62hI%2BqWdq8ZzGRh%2BAs2xnNW3IN6HGcjXjU7hfxFwq6KJF3eVNKGAlT91IioimKfSj7F3PkMjg4PWeF5bcYUmppWyGHxkHxZSYpUdmtUEx8Z%2F6X1p5t14jrx5uPF5Y4Anv0F1MeS25zTEEOXpw2w3NPptQ4zp62Gta3pgmtHwbXglCmNDC3k5c7p4WrPg9C8OsdJQMnElPWJTFybRlcgzyoQ%2BQ%3D%3D","name":"projects/santacruz-a164a/locations/us-central1/functions/main","entryPoint":"main","labels":{"deployment-tool":"cli-firebase"},"runtime":"nodejs10","environmentVariables":{"FIREBASE_CONFIG":"{\"projectId\":\"santacruz-a164a\",\"databaseURL\":\"https://santacruz-a164a.firebaseio.com\",\"storageBucket\":\"santacruz-a164a.appspot.com\",\"locationId\":\"us-central\"}"},"httpsTrigger":{}}
[debug] [2020-10-28T20:26:31.086Z] <<< HTTP RESPONSE 200 {"content-type":"application/json; charset=UTF-8","vary":"X-Origin, Referer, Origin,Accept-Encoding","date":"Wed, 28 Oct 2020 20:26:31 GMT","server":"ESF","cache-control":"private","x-xss-protection":"0","x-frame-options":"SAMEORIGIN","x-content-type-options":"nosniff","alt-svc":"h3-Q050=\":443\"; ma=2592000,h3-29=\":443\"; ma=2592000,h3-T051=\":443\"; ma=2592000,h3-T050=\":443\"; ma=2592000,h3-Q046=\":443\"; ma=2592000,h3-Q043=\":443\"; ma=2592000,quic=\":443\"; ma=2592000; v=\"46,43\"","accept-ranges":"none","transfer-encoding":"chunked"}
[debug] [2020-10-28T20:26:31.087Z] Setting public policy for function main
[debug] [2020-10-28T20:26:31.089Z] >>> HTTP REQUEST POST https://cloudfunctions.googleapis.com/v1/projects/santacruz-a164a/locations/us-central1/functions/main:setIamPolicy  
 {"policy":{"version":3,"bindings":[{"role":"roles/cloudfunctions.invoker","members":["allUsers"]}]},"updateMask":"version,bindings"}
[debug] [2020-10-28T20:26:31.613Z] <<< HTTP RESPONSE 200 {"content-type":"application/json; charset=UTF-8","vary":"X-Origin, Referer, Origin,Accept-Encoding","date":"Wed, 28 Oct 2020 20:26:31 GMT","server":"ESF","cache-control":"private","x-xss-protection":"0","x-frame-options":"SAMEORIGIN","x-content-type-options":"nosniff","alt-svc":"h3-Q050=\":443\"; ma=2592000,h3-29=\":443\"; ma=2592000,h3-T051=\":443\"; ma=2592000,h3-T050=\":443\"; ma=2592000,h3-Q046=\":443\"; ma=2592000,h3-Q043=\":443\"; ma=2592000,quic=\":443\"; ma=2592000; v=\"46,43\"","accept-ranges":"none","transfer-encoding":"chunked"}
[debug] [2020-10-28T20:26:31.617Z] >>> HTTP REQUEST GET https://cloudfunctions.googleapis.com/v1/projects/santacruz-a164a/locations/-/functions  
 
[debug] [2020-10-28T20:26:32.263Z] <<< HTTP RESPONSE 200 {"content-type":"application/json; charset=UTF-8","vary":"X-Origin, Referer, Origin,Accept-Encoding","date":"Wed, 28 Oct 2020 20:26:32 GMT","server":"ESF","cache-control":"private","x-xss-protection":"0","x-frame-options":"SAMEORIGIN","x-content-type-options":"nosniff","alt-svc":"h3-Q050=\":443\"; ma=2592000,h3-29=\":443\"; ma=2592000,h3-T051=\":443\"; ma=2592000,h3-T050=\":443\"; ma=2592000,h3-Q046=\":443\"; ma=2592000,h3-Q043=\":443\"; ma=2592000,quic=\":443\"; ma=2592000; v=\"46,43\"","accept-ranges":"none","transfer-encoding":"chunked"}
[debug] [2020-10-28T20:26:32.266Z] >>> HTTP REQUEST GET https://cloudfunctions.googleapis.com/v1/operations/c2FudGFjcnV6LWExNjRhL3VzLWNlbnRyYWwxL21haW4vNmtVdlhJMkVMTUU  
 
[debug] [2020-10-28T20:26:32.636Z] <<< HTTP RESPONSE 200 {"content-type":"application/json; charset=UTF-8","vary":"X-Origin, Referer, Origin,Accept-Encoding","date":"Wed, 28 Oct 2020 20:26:32 GMT","server":"ESF","cache-control":"private","x-xss-protection":"0","x-frame-options":"SAMEORIGIN","x-content-type-options":"nosniff","alt-svc":"h3-Q050=\":443\"; ma=2592000,h3-29=\":443\"; ma=2592000,h3-T051=\":443\"; ma=2592000,h3-T050=\":443\"; ma=2592000,h3-Q046=\":443\"; ma=2592000,h3-Q043=\":443\"; ma=2592000,quic=\":443\"; ma=2592000; v=\"46,43\"","accept-ranges":"none","transfer-encoding":"chunked"}
[debug] [2020-10-28T20:26:34.638Z] >>> HTTP REQUEST GET https://cloudfunctions.googleapis.com/v1/operations/c2FudGFjcnV6LWExNjRhL3VzLWNlbnRyYWwxL21haW4vNmtVdlhJMkVMTUU  
 
[debug] [2020-10-28T20:26:34.988Z] <<< HTTP RESPONSE 200 {"content-type":"application/json; charset=UTF-8","vary":"X-Origin, Referer, Origin,Accept-Encoding","date":"Wed, 28 Oct 2020 20:26:35 GMT","server":"ESF","cache-control":"private","x-xss-protection":"0","x-frame-options":"SAMEORIGIN","x-content-type-options":"nosniff","alt-svc":"h3-Q050=\":443\"; ma=2592000,h3-29=\":443\"; ma=2592000,h3-T051=\":443\"; ma=2592000,h3-T050=\":443\"; ma=2592000,h3-Q046=\":443\"; ma=2592000,h3-Q043=\":443\"; ma=2592000,quic=\":443\"; ma=2592000; v=\"46,43\"","accept-ranges":"none","transfer-encoding":"chunked"}
[debug] [2020-10-28T20:26:36.991Z] >>> HTTP REQUEST GET https://cloudfunctions.googleapis.com/v1/operations/c2FudGFjcnV6LWExNjRhL3VzLWNlbnRyYWwxL21haW4vNmtVdlhJMkVMTUU  
 
[debug] [2020-10-28T20:26:37.344Z] <<< HTTP RESPONSE 200 {"content-type":"application/json; charset=UTF-8","vary":"X-Origin, Referer, Origin,Accept-Encoding","date":"Wed, 28 Oct 2020 20:26:37 GMT","server":"ESF","cache-control":"private","x-xss-protection":"0","x-frame-options":"SAMEORIGIN","x-content-type-options":"nosniff","alt-svc":"h3-Q050=\":443\"; ma=2592000,h3-29=\":443\"; ma=2592000,h3-T051=\":443\"; ma=2592000,h3-T050=\":443\"; ma=2592000,h3-Q046=\":443\"; ma=2592000,h3-Q043=\":443\"; ma=2592000,quic=\":443\"; ma=2592000; v=\"46,43\"","accept-ranges":"none","transfer-encoding":"chunked"}
[debug] [2020-10-28T20:26:39.347Z] >>> HTTP REQUEST GET https://cloudfunctions.googleapis.com/v1/operations/c2FudGFjcnV6LWExNjRhL3VzLWNlbnRyYWwxL21haW4vNmtVdlhJMkVMTUU  
 
[debug] [2020-10-28T20:26:39.697Z] <<< HTTP RESPONSE 200 {"content-type":"application/json; charset=UTF-8","vary":"X-Origin, Referer, Origin,Accept-Encoding","date":"Wed, 28 Oct 2020 20:26:39 GMT","server":"ESF","cache-control":"private","x-xss-protection":"0","x-frame-options":"SAMEORIGIN","x-content-type-options":"nosniff","alt-svc":"h3-Q050=\":443\"; ma=2592000,h3-29=\":443\"; ma=2592000,h3-T051=\":443\"; ma=2592000,h3-T050=\":443\"; ma=2592000,h3-Q046=\":443\"; ma=2592000,h3-Q043=\":443\"; ma=2592000,quic=\":443\"; ma=2592000; v=\"46,43\"","accept-ranges":"none","transfer-encoding":"chunked"}
[debug] [2020-10-28T20:26:41.699Z] >>> HTTP REQUEST GET https://cloudfunctions.googleapis.com/v1/operations/c2FudGFjcnV6LWExNjRhL3VzLWNlbnRyYWwxL21haW4vNmtVdlhJMkVMTUU  
 
[debug] [2020-10-28T20:26:42.148Z] <<< HTTP RESPONSE 200 {"content-type":"application/json; charset=UTF-8","vary":"X-Origin, Referer, Origin,Accept-Encoding","date":"Wed, 28 Oct 2020 20:26:42 GMT","server":"ESF","cache-control":"private","x-xss-protection":"0","x-frame-options":"SAMEORIGIN","x-content-type-options":"nosniff","alt-svc":"h3-Q050=\":443\"; ma=2592000,h3-29=\":443\"; ma=2592000,h3-T051=\":443\"; ma=2592000,h3-T050=\":443\"; ma=2592000,h3-Q046=\":443\"; ma=2592000,h3-Q043=\":443\"; ma=2592000,quic=\":443\"; ma=2592000; v=\"46,43\"","accept-ranges":"none","transfer-encoding":"chunked"}
[debug] [2020-10-28T20:26:44.149Z] >>> HTTP REQUEST GET https://cloudfunctions.googleapis.com/v1/operations/c2FudGFjcnV6LWExNjRhL3VzLWNlbnRyYWwxL21haW4vNmtVdlhJMkVMTUU  
 
[debug] [2020-10-28T20:26:44.526Z] <<< HTTP RESPONSE 200 {"content-type":"application/json; charset=UTF-8","vary":"X-Origin, Referer, Origin,Accept-Encoding","date":"Wed, 28 Oct 2020 20:26:44 GMT","server":"ESF","cache-control":"private","x-xss-protection":"0","x-frame-options":"SAMEORIGIN","x-content-type-options":"nosniff","alt-svc":"h3-Q050=\":443\"; ma=2592000,h3-29=\":443\"; ma=2592000,h3-T051=\":443\"; ma=2592000,h3-T050=\":443\"; ma=2592000,h3-Q046=\":443\"; ma=2592000,h3-Q043=\":443\"; ma=2592000,quic=\":443\"; ma=2592000; v=\"46,43\"","accept-ranges":"none","transfer-encoding":"chunked"}
[debug] [2020-10-28T20:26:46.526Z] >>> HTTP REQUEST GET https://cloudfunctions.googleapis.com/v1/operations/c2FudGFjcnV6LWExNjRhL3VzLWNlbnRyYWwxL21haW4vNmtVdlhJMkVMTUU  
 
[debug] [2020-10-28T20:26:46.921Z] <<< HTTP RESPONSE 200 {"content-type":"application/json; charset=UTF-8","vary":"X-Origin, Referer, Origin,Accept-Encoding","date":"Wed, 28 Oct 2020 20:26:47 GMT","server":"ESF","cache-control":"private","x-xss-protection":"0","x-frame-options":"SAMEORIGIN","x-content-type-options":"nosniff","alt-svc":"h3-Q050=\":443\"; ma=2592000,h3-29=\":443\"; ma=2592000,h3-T051=\":443\"; ma=2592000,h3-T050=\":443\"; ma=2592000,h3-Q046=\":443\"; ma=2592000,h3-Q043=\":443\"; ma=2592000,quic=\":443\"; ma=2592000; v=\"46,43\"","accept-ranges":"none","transfer-encoding":"chunked"}
[debug] [2020-10-28T20:26:48.922Z] >>> HTTP REQUEST GET https://cloudfunctions.googleapis.com/v1/operations/c2FudGFjcnV6LWExNjRhL3VzLWNlbnRyYWwxL21haW4vNmtVdlhJMkVMTUU  
 
[debug] [2020-10-28T20:26:49.291Z] <<< HTTP RESPONSE 200 {"content-type":"application/json; charset=UTF-8","vary":"X-Origin, Referer, Origin,Accept-Encoding","date":"Wed, 28 Oct 2020 20:26:49 GMT","server":"ESF","cache-control":"private","x-xss-protection":"0","x-frame-options":"SAMEORIGIN","x-content-type-options":"nosniff","alt-svc":"h3-Q050=\":443\"; ma=2592000,h3-29=\":443\"; ma=2592000,h3-T051=\":443\"; ma=2592000,h3-T050=\":443\"; ma=2592000,h3-Q046=\":443\"; ma=2592000,h3-Q043=\":443\"; ma=2592000,quic=\":443\"; ma=2592000; v=\"46,43\"","accept-ranges":"none","transfer-encoding":"chunked"}
[debug] [2020-10-28T20:26:51.294Z] >>> HTTP REQUEST GET https://cloudfunctions.googleapis.com/v1/operations/c2FudGFjcnV6LWExNjRhL3VzLWNlbnRyYWwxL21haW4vNmtVdlhJMkVMTUU  
 
[debug] [2020-10-28T20:26:51.667Z] <<< HTTP RESPONSE 200 {"content-type":"application/json; charset=UTF-8","vary":"X-Origin, Referer, Origin,Accept-Encoding","date":"Wed, 28 Oct 2020 20:26:51 GMT","server":"ESF","cache-control":"private","x-xss-protection":"0","x-frame-options":"SAMEORIGIN","x-content-type-options":"nosniff","alt-svc":"h3-Q050=\":443\"; ma=2592000,h3-29=\":443\"; ma=2592000,h3-T051=\":443\"; ma=2592000,h3-T050=\":443\"; ma=2592000,h3-Q046=\":443\"; ma=2592000,h3-Q043=\":443\"; ma=2592000,quic=\":443\"; ma=2592000; v=\"46,43\"","accept-ranges":"none","transfer-encoding":"chunked"}
[debug] [2020-10-28T20:26:53.671Z] >>> HTTP REQUEST GET https://cloudfunctions.googleapis.com/v1/operations/c2FudGFjcnV6LWExNjRhL3VzLWNlbnRyYWwxL21haW4vNmtVdlhJMkVMTUU  
 
[debug] [2020-10-28T20:26:54.099Z] <<< HTTP RESPONSE 200 {"content-type":"application/json; charset=UTF-8","vary":"X-Origin, Referer, Origin,Accept-Encoding","date":"Wed, 28 Oct 2020 20:26:54 GMT","server":"ESF","cache-control":"private","x-xss-protection":"0","x-frame-options":"SAMEORIGIN","x-content-type-options":"nosniff","alt-svc":"h3-Q050=\":443\"; ma=2592000,h3-29=\":443\"; ma=2592000,h3-T051=\":443\"; ma=2592000,h3-T050=\":443\"; ma=2592000,h3-Q046=\":443\"; ma=2592000,h3-Q043=\":443\"; ma=2592000,quic=\":443\"; ma=2592000; v=\"46,43\"","accept-ranges":"none","transfer-encoding":"chunked"}
[debug] [2020-10-28T20:26:56.101Z] >>> HTTP REQUEST GET https://cloudfunctions.googleapis.com/v1/operations/c2FudGFjcnV6LWExNjRhL3VzLWNlbnRyYWwxL21haW4vNmtVdlhJMkVMTUU  
 
[debug] [2020-10-28T20:26:56.449Z] <<< HTTP RESPONSE 200 {"content-type":"application/json; charset=UTF-8","vary":"X-Origin, Referer, Origin,Accept-Encoding","date":"Wed, 28 Oct 2020 20:26:56 GMT","server":"ESF","cache-control":"private","x-xss-protection":"0","x-frame-options":"SAMEORIGIN","x-content-type-options":"nosniff","alt-svc":"h3-Q050=\":443\"; ma=2592000,h3-29=\":443\"; ma=2592000,h3-T051=\":443\"; ma=2592000,h3-T050=\":443\"; ma=2592000,h3-Q046=\":443\"; ma=2592000,h3-Q043=\":443\"; ma=2592000,quic=\":443\"; ma=2592000; v=\"46,43\"","accept-ranges":"none","transfer-encoding":"chunked"}
[debug] [2020-10-28T20:26:58.452Z] >>> HTTP REQUEST GET https://cloudfunctions.googleapis.com/v1/operations/c2FudGFjcnV6LWExNjRhL3VzLWNlbnRyYWwxL21haW4vNmtVdlhJMkVMTUU  
 
[debug] [2020-10-28T20:26:58.821Z] <<< HTTP RESPONSE 200 {"content-type":"application/json; charset=UTF-8","vary":"X-Origin, Referer, Origin,Accept-Encoding","date":"Wed, 28 Oct 2020 20:26:58 GMT","server":"ESF","cache-control":"private","x-xss-protection":"0","x-frame-options":"SAMEORIGIN","x-content-type-options":"nosniff","alt-svc":"h3-Q050=\":443\"; ma=2592000,h3-29=\":443\"; ma=2592000,h3-T051=\":443\"; ma=2592000,h3-T050=\":443\"; ma=2592000,h3-Q046=\":443\"; ma=2592000,h3-Q043=\":443\"; ma=2592000,quic=\":443\"; ma=2592000; v=\"46,43\"","accept-ranges":"none","transfer-encoding":"chunked"}
[debug] [2020-10-28T20:27:12.233Z] ----------------------------------------------------------------------
[debug] [2020-10-28T20:27:12.234Z] Command:       C:\Program Files\nodejs\node.exe C:\Users\Armando\AppData\Roaming\npm\node_modules\firebase-tools\lib\bin\firebase.js deploy --only functions
[debug] [2020-10-28T20:27:12.235Z] CLI Version:   8.12.1
[debug] [2020-10-28T20:27:12.235Z] Platform:      win32
[debug] [2020-10-28T20:27:12.235Z] Node Version:  v14.14.0
[debug] [2020-10-28T20:27:12.235Z] Time:          Wed Oct 28 2020 14:27:12 GMT-0600 (hora estándar central)
[debug] [2020-10-28T20:27:12.235Z] ----------------------------------------------------------------------
[debug] [2020-10-28T20:27:12.236Z] 
[debug] [2020-10-28T20:27:12.241Z] > command requires scopes: ["email","openid","https://www.googleapis.com/auth/cloudplatformprojects.readonly","https://www.googleapis.com/auth/firebase","https://www.googleapis.com/auth/cloud-platform"]
[debug] [2020-10-28T20:27:12.241Z] > authorizing via signed-in user
[debug] [2020-10-28T20:27:12.241Z] [iam] checking project santacruz-a164a for permissions ["cloudfunctions.functions.create","cloudfunctions.functions.delete","cloudfunctions.functions.get","cloudfunctions.functions.list","cloudfunctions.functions.update","cloudfunctions.operations.get","firebase.projects.get"]
[debug] [2020-10-28T20:27:12.243Z] >>> HTTP REQUEST POST https://cloudresourcemanager.googleapis.com/v1/projects/santacruz-a164a:testIamPermissions  
 {"permissions":["cloudfunctions.functions.create","cloudfunctions.functions.delete","cloudfunctions.functions.get","cloudfunctions.functions.list","cloudfunctions.functions.update","cloudfunctions.operations.get","firebase.projects.get"]}
[debug] [2020-10-28T20:27:12.623Z] <<< HTTP RESPONSE 200 {"content-type":"application/json; charset=UTF-8","vary":"X-Origin, Referer, Origin,Accept-Encoding","date":"Wed, 28 Oct 2020 20:27:12 GMT","server":"ESF","cache-control":"private","x-xss-protection":"0","x-frame-options":"SAMEORIGIN","x-content-type-options":"nosniff","server-timing":"gfet4t7; dur=148","alt-svc":"h3-Q050=\":443\"; ma=2592000,h3-29=\":443\"; ma=2592000,h3-T051=\":443\"; ma=2592000,h3-T050=\":443\"; ma=2592000,h3-Q046=\":443\"; ma=2592000,h3-Q043=\":443\"; ma=2592000,quic=\":443\"; ma=2592000; v=\"46,43\"","accept-ranges":"none","transfer-encoding":"chunked"}
[debug] [2020-10-28T20:27:12.624Z] >>> HTTP REQUEST POST https://iam.googleapis.com/v1/projects/santacruz-a164a/serviceAccounts/santacruz-a164a@appspot.gserviceaccount.com:testIamPermissions  
 {"permissions":["iam.serviceAccounts.actAs"]}
[debug] [2020-10-28T20:27:12.920Z] <<< HTTP RESPONSE 200 {"content-type":"application/json; charset=UTF-8","vary":"X-Origin, Referer, Origin,Accept-Encoding","date":"Wed, 28 Oct 2020 20:27:13 GMT","server":"ESF","cache-control":"private","x-xss-protection":"0","x-frame-options":"SAMEORIGIN","x-content-type-options":"nosniff","alt-svc":"h3-Q050=\":443\"; ma=2592000,h3-29=\":443\"; ma=2592000,h3-T051=\":443\"; ma=2592000,h3-T050=\":443\"; ma=2592000,h3-Q046=\":443\"; ma=2592000,h3-Q043=\":443\"; ma=2592000,quic=\":443\"; ma=2592000; v=\"46,43\"","accept-ranges":"none","transfer-encoding":"chunked"}
[info] 
[info] === Deploying to 'santacruz-a164a'...
[info] 
[info] i  deploying functions 
[debug] [2020-10-28T20:27:18.353Z] > [functions] package.json contents: {
  "name": "api-witideal",
  "version": "0.0.1",
  "description": "api for witideal",
  "scripts": {
    "watch": "set NODE_ENV=development&& webpack",
    "server": "nodemon ./build/index.js",
    "build": "set NODE_ENV=production&& webpack",
    "serve": "firebase emulators:start --only functions",
    "shell": "firebase functions:shell",
    "start": "npm run shell",
    "deploy": "firebase deploy --only functions",
    "logs": "firebase functions:log"
  },
  "engines": {
    "node": "10"
  },
  "main": "index.js",
  "author": "armandojes",
  "license": "ISC",
  "dependencies": {
    "firebase-functions": "^3.6.1",
    "@firebase/app": "^0.6.11",
    "cors": "^2.8.5",
    "express": "^4.17.1",
    "express-bearer-token": "^2.4.0",
    "firebase": "^7.24.0",
    "firebase-admin": "^9.2.0",
    "isomorphic-fetch": "^3.0.0",
    "jsonwebtoken": "^8.5.1",
    "node-fetch": "^2.6.1",
    "openpay": "^1.0.5",
    "regenerator-runtime": "^0.13.7"
  },
  "devDependencies": {
    "firebase-functions-test": "^0.2.0",
    "@babel/core": "^7.11.6",
    "@babel/preset-env": "^7.11.5",
    "babel-core": "^6.26.3",
    "babel-eslint": "^10.1.0",
    "babel-loader": "^8.1.0",
    "eslint": "^7.11.0",
    "eslint-config-standard": "^14.1.1",
    "eslint-plugin-import": "^2.22.1",
    "eslint-plugin-node": "^11.1.0",
    "eslint-plugin-promise": "^4.2.1",
    "eslint-plugin-standard": "^4.0.1",
    "nodemon": "^2.0.5",
    "vercel": "^20.1.2",
    "webpack": "^4.41.5",
    "webpack-cli": "^3.3.10",
    "webpack-node-externals": "^2.5.2"
  },
  "private": true
}
[info] i  functions: ensuring required API cloudfunctions.googleapis.com is enabled... 
[info] i  functions: ensuring required API cloudbuild.googleapis.com is enabled... 
[debug] [2020-10-28T20:27:21.487Z] >>> HTTP REQUEST GET https://serviceusage.googleapis.com/v1/projects/santacruz-a164a/services/cloudfunctions.googleapis.com  
 
[debug] [2020-10-28T20:27:21.487Z] >>> HTTP REQUEST GET https://serviceusage.googleapis.com/v1/projects/santacruz-a164a/services/runtimeconfig.googleapis.com  
 
[debug] [2020-10-28T20:27:21.488Z] >>> HTTP REQUEST GET https://serviceusage.googleapis.com/v1/projects/santacruz-a164a/services/cloudbuild.googleapis.com  
 
[debug] [2020-10-28T20:27:21.877Z] <<< HTTP RESPONSE 200 {"content-type":"application/json; charset=UTF-8","vary":"X-Origin, Referer, Origin,Accept-Encoding","date":"Wed, 28 Oct 2020 20:27:21 GMT","server":"ESF","cache-control":"private","x-xss-protection":"0","x-frame-options":"SAMEORIGIN","x-content-type-options":"nosniff","alt-svc":"h3-Q050=\":443\"; ma=2592000,h3-29=\":443\"; ma=2592000,h3-T051=\":443\"; ma=2592000,h3-T050=\":443\"; ma=2592000,h3-Q046=\":443\"; ma=2592000,h3-Q043=\":443\"; ma=2592000,quic=\":443\"; ma=2592000; v=\"46,43\"","accept-ranges":"none","transfer-encoding":"chunked"}
[debug] [2020-10-28T20:27:21.924Z] <<< HTTP RESPONSE 200 {"content-type":"application/json; charset=UTF-8","vary":"X-Origin, Referer, Origin,Accept-Encoding","date":"Wed, 28 Oct 2020 20:27:21 GMT","server":"ESF","cache-control":"private","x-xss-protection":"0","x-frame-options":"SAMEORIGIN","x-content-type-options":"nosniff","alt-svc":"h3-Q050=\":443\"; ma=2592000,h3-29=\":443\"; ma=2592000,h3-T051=\":443\"; ma=2592000,h3-T050=\":443\"; ma=2592000,h3-Q046=\":443\"; ma=2592000,h3-Q043=\":443\"; ma=2592000,quic=\":443\"; ma=2592000; v=\"46,43\"","accept-ranges":"none","transfer-encoding":"chunked"}
[info] +  functions: required API cloudbuild.googleapis.com is enabled 
[debug] [2020-10-28T20:27:21.981Z] <<< HTTP RESPONSE 200 {"content-type":"application/json; charset=UTF-8","vary":"X-Origin, Referer, Origin,Accept-Encoding","date":"Wed, 28 Oct 2020 20:27:21 GMT","server":"ESF","cache-control":"private","x-xss-protection":"0","x-frame-options":"SAMEORIGIN","x-content-type-options":"nosniff","alt-svc":"h3-Q050=\":443\"; ma=2592000,h3-29=\":443\"; ma=2592000,h3-T051=\":443\"; ma=2592000,h3-T050=\":443\"; ma=2592000,h3-Q046=\":443\"; ma=2592000,h3-Q043=\":443\"; ma=2592000,quic=\":443\"; ma=2592000; v=\"46,43\"","accept-ranges":"none","transfer-encoding":"chunked"}
[info] +  functions: required API cloudfunctions.googleapis.com is enabled 
[debug] [2020-10-28T20:27:21.985Z] >>> HTTP REQUEST GET https://firebase.googleapis.com/v1beta1/projects/santacruz-a164a/adminSdkConfig  
 
[debug] [2020-10-28T20:27:22.281Z] <<< HTTP RESPONSE 200 {"content-type":"application/json; charset=UTF-8","vary":"X-Origin, Referer, Origin,Accept-Encoding","date":"Wed, 28 Oct 2020 20:27:22 GMT","server":"ESF","cache-control":"private","x-xss-protection":"0","x-frame-options":"SAMEORIGIN","x-content-type-options":"nosniff","alt-svc":"h3-Q050=\":443\"; ma=2592000,h3-29=\":443\"; ma=2592000,h3-T051=\":443\"; ma=2592000,h3-T050=\":443\"; ma=2592000,h3-Q046=\":443\"; ma=2592000,h3-Q043=\":443\"; ma=2592000,quic=\":443\"; ma=2592000; v=\"46,43\"","accept-ranges":"none","transfer-encoding":"chunked"}
[info] i  functions: preparing functions directory for uploading... 
[debug] [2020-10-28T20:27:22.286Z] >>> HTTP REQUEST GET https://runtimeconfig.googleapis.com/v1beta1/projects/santacruz-a164a/configs  
 
[debug] [2020-10-28T20:27:22.875Z] <<< HTTP RESPONSE 200 {"content-type":"application/json; charset=UTF-8","vary":"X-Origin, Referer, Origin,Accept-Encoding","date":"Wed, 28 Oct 2020 20:27:22 GMT","server":"ESF","cache-control":"private","x-xss-protection":"0","x-frame-options":"SAMEORIGIN","x-content-type-options":"nosniff","alt-svc":"h3-Q050=\":443\"; ma=2592000,h3-29=\":443\"; ma=2592000,h3-T051=\":443\"; ma=2592000,h3-T050=\":443\"; ma=2592000,h3-Q046=\":443\"; ma=2592000,h3-Q043=\":443\"; ma=2592000,quic=\":443\"; ma=2592000; v=\"46,43\"","accept-ranges":"none","transfer-encoding":"chunked"}
[info] i  functions: packaged functions (143.36 KB) for uploading 
[debug] [2020-10-28T20:27:23.467Z] >>> HTTP REQUEST GET https://cloudfunctions.googleapis.com/v1/projects/santacruz-a164a/locations/-/functions  
 
[debug] [2020-10-28T20:27:24.098Z] <<< HTTP RESPONSE 200 {"content-type":"application/json; charset=UTF-8","vary":"X-Origin, Referer, Origin,Accept-Encoding","date":"Wed, 28 Oct 2020 20:27:24 GMT","server":"ESF","cache-control":"private","x-xss-protection":"0","x-frame-options":"SAMEORIGIN","x-content-type-options":"nosniff","alt-svc":"h3-Q050=\":443\"; ma=2592000,h3-29=\":443\"; ma=2592000,h3-T051=\":443\"; ma=2592000,h3-T050=\":443\"; ma=2592000,h3-Q046=\":443\"; ma=2592000,h3-Q043=\":443\"; ma=2592000,quic=\":443\"; ma=2592000; v=\"46,43\"","accept-ranges":"none","transfer-encoding":"chunked"}
[debug] [2020-10-28T20:27:24.105Z] >>> HTTP REQUEST POST https://cloudfunctions.googleapis.com/v1/projects/santacruz-a164a/locations/us-central1/functions:generateUploadUrl  
 
[debug] [2020-10-28T20:27:24.961Z] <<< HTTP RESPONSE 200 {"content-type":"application/json; charset=UTF-8","vary":"X-Origin, Referer, Origin,Accept-Encoding","date":"Wed, 28 Oct 2020 20:27:25 GMT","server":"ESF","cache-control":"private","x-xss-protection":"0","x-frame-options":"SAMEORIGIN","x-content-type-options":"nosniff","alt-svc":"h3-Q050=\":443\"; ma=2592000,h3-29=\":443\"; ma=2592000,h3-T051=\":443\"; ma=2592000,h3-T050=\":443\"; ma=2592000,h3-Q046=\":443\"; ma=2592000,h3-Q043=\":443\"; ma=2592000,quic=\":443\"; ma=2592000; v=\"46,43\"","accept-ranges":"none","transfer-encoding":"chunked"}
[debug] [2020-10-28T20:27:24.962Z] >>> HTTP REQUEST PUT https://storage.googleapis.com/gcf-upload-us-central1-451f9f8c-9936-498a-8422-10c389c932a8/f1627ec9-0c91-4f50-9c0a-6ea5f107f0c7.zip?GoogleAccessId=service-941983235685@gcf-admin-robot.iam.gserviceaccount.com&Expires=1603918644&Signature=UjpeKNhStbSs41g2UpCPaP%2FsdxSpAbVMwlEpBUPhqt6BVC9c3rzvvxERl8IpUNy5dve6aHR2FWP8PzJr0Otqs68YKMmSjQjb00sPbUHAMkoDN64iVmi7lOvyjORXIs4E7d1Qxj2%2FKahchZ3g7JyBiO3umg%2BcRsxFoAThf0jZKHJmw9byp3uyv1hvklUV%2FTtoe9pSBXCggn1zc7bOvo9D5Q%2BgxSi9LcoVTgHY07Tjtt3RGGdr8dZJ2y8LSmmjVARFDm9R3a2F6CD6QrZF%2Fj%2Fz5c0TESgk%2Fw6lENyBRliMFx2CWdoU867b6C8lG7tf8%2FkAxofhwIp0oFTtTZYxnioZZw%3D%3D  
 <request body omitted>
[debug] [2020-10-28T20:27:26.721Z] <<< HTTP RESPONSE 200 {"x-guploader-uploadid":"ABg5-UzfSKgBMrHRUlah6M59v9E4egmRpP90ToHWiOab2hKIb9asqUpgPhTMcBf8nt-fbfIxjKCvxisrqnJkO8ttFf-hAvJgQA","etag":"\"ee83951eaa0c0c4c94cf38fda30f4704\"","x-goog-generation":"1603916846809700","x-goog-metageneration":"1","x-goog-hash":"crc32c=6HzyJQ==, md5=7oOVHqoMDEyUzzj9ow9HBA==","x-goog-stored-content-length":"146801","x-goog-stored-content-encoding":"identity","vary":"Origin","content-length":"0","date":"Wed, 28 Oct 2020 20:27:26 GMT","server":"UploadServer","content-type":"text/html; charset=UTF-8","alt-svc":"h3-Q050=\":443\"; ma=2592000,h3-29=\":443\"; ma=2592000,h3-T051=\":443\"; ma=2592000,h3-T050=\":443\"; ma=2592000,h3-Q046=\":443\"; ma=2592000,h3-Q043=\":443\"; ma=2592000,quic=\":443\"; ma=2592000; v=\"46,43\""}
[info] +  functions: functions folder uploaded successfully 
[info] i  functions: updating Node.js 10 function main(us-central1)... 
[debug] [2020-10-28T20:27:26.724Z] Trigger is:  {"httpsTrigger":{}}
[info] 
The following functions are found in your project but do not exist in your local source code:
	charges(us-central1)
	openpayWebhook(us-central1)
	paypalWebhook(us-central1)
	resizeImage(us-central1)

If you are renaming a function or changing its region, it is recommended that you create the new function first before deleting the old one to prevent event loss. For more info, visit https://firebase.google.com/docs/functions/manage-functions#modify

